<?xml version="1.0" encoding="UTF-8"?>
<!-- Generated by org.testng.reporters.JUnitReportReporter -->
<testsuite hostname="DESKTOP-GLJB1TD" failures="0" tests="2" name="com.finance.yahoo.test.testcases.CheckStatistics" time="44.924" errors="0" timestamp="2021-04-24T18:41:47 EEST" skipped="0">
  <testcase classname="com.finance.yahoo.test.testcases.CheckStatistics" name="executeTest" time="21.602"/>
  <system-out/>
  <testcase classname="com.finance.yahoo.test.testcases.CheckStatistics" name="executeTest" time="23.322"/>
  <system-out/>
</testsuite> <!-- com.finance.yahoo.test.testcases.CheckStatistics -->
