<?xml version="1.0" encoding="UTF-8"?>
<!-- Generated by org.testng.reporters.JUnitReportReporter -->
<testsuite hostname="DESKTOP-GLJB1TD" failures="0" tests="2" name="com.finance.yahoo.test.testcases.YahooSignUp" time="38.234" errors="0" timestamp="2021-04-26T00:04:11 EEST" skipped="0">
  <testcase classname="com.finance.yahoo.test.testcases.YahooSignUp" name="executeTest" time="19.048"/>
  <system-out/>
  <testcase classname="com.finance.yahoo.test.testcases.YahooSignUp" name="executeTest" time="19.186"/>
  <system-out/>
</testsuite> <!-- com.finance.yahoo.test.testcases.YahooSignUp -->
